<?xml version="1.0" encoding="UTF-8"?>
<!-- Generated by org.testng.reporters.JUnitXMLReporter -->
<testsuite ignored="0" hostname="MITHU" failures="0" tests="7" name="Test" time="100.389" errors="0" timestamp="2022-03-22T00:10:29 EDT">
  <testcase classname="Selenium.MouseOver" name="mouseOver1" time="9.666"/>
  <testcase classname="Selenium.hi" name="start" time="12.509"/>
  <testcase classname="Selenium.Locators" name="locators" time="8.01"/>
  <testcase classname="Selenium.all_drivers" name="alldriver" time="10.568"/>
  <testcase classname="Selenium.all_links" name="links" time="22.823"/>
  <testcase classname="Selenium.Frame" name="frame" time="13.187"/>
  <testcase classname="Selenium.WindowHandle" name="window" time="23.586"/>
</testsuite> <!-- Test -->
