<?xml version="1.0" encoding="UTF-8"?>
<testng-results ignored="0" total="1" passed="1" failed="0" skipped="0">
  <reporter-output>
  </reporter-output>
  <suite started-at="2022-05-27T00:07:36 EDT" name="Default suite" finished-at="2022-05-27T00:07:48 EDT" duration-ms="11964">
    <groups>
    </groups>
    <test started-at="2022-05-27T00:07:36 EDT" name="Default test" finished-at="2022-05-27T00:07:48 EDT" duration-ms="11964">
      <class name="Selenium.all_drivers">
        <test-method signature="alldriver()[pri:0, instance:Selenium.all_drivers@2e1d27ba]" started-at="2022-05-27T00:07:36 EDT" name="alldriver" finished-at="2022-05-27T00:07:48 EDT" duration-ms="11901" status="PASS">
          <reporter-output>
          </reporter-output>
        </test-method> <!-- alldriver -->
      </class> <!-- Selenium.all_drivers -->
    </test> <!-- Default test -->
  </suite> <!-- Default suite -->
</testng-results>
